0 info it worked if it ends with ok
1 verbose cli [ 'node', '/Users/ryousuke/.nvm/v0.10.33/bin/npm', 'adduser' ]
2 info using npm@2.1.8
3 info using node@v0.10.33
4 verbose adduser before first PUT { _id: 'org.couchdb.user:n0bisuke',
4 verbose adduser   name: 'n0bisuke',
4 verbose adduser   password: 'XXXXX',
4 verbose adduser   email: 'rsksound@gmail.com',
4 verbose adduser   type: 'user',
4 verbose adduser   roles: [],
4 verbose adduser   date: '2014-12-25T09:32:26.091Z' }
5 verbose request uri https://registry.npmjs.org/-/user/org.couchdb.user:n0bisuke
6 verbose request new user, so can't send auth
7 info attempt registry request try #1 at 18:32:26
8 verbose request id 3129c6e45035816b
9 http request PUT https://registry.npmjs.org/-/user/org.couchdb.user:n0bisuke
10 http 409 https://registry.npmjs.org/-/user/org.couchdb.user:n0bisuke
11 verbose headers { date: 'Wed, 24 Dec 2014 09:31:07 GMT',
11 verbose headers   server: 'CouchDB/1.5.0 (Erlang OTP/R16B03)',
11 verbose headers   'content-type': 'application/json',
11 verbose headers   'cache-control': 'max-age=60',
11 verbose headers   'content-length': '58',
11 verbose headers   'accept-ranges': 'bytes',
11 verbose headers   via: '1.1 varnish',
11 verbose headers   'x-served-by': 'cache-ty66-TYO',
11 verbose headers   'x-cache': 'MISS',
11 verbose headers   'x-cache-hits': '0',
11 verbose headers   'x-timer': 'S1419413467.729392,VS0,VE98',
11 verbose headers   'keep-alive': 'timeout=10, max=50',
11 verbose headers   connection: 'Keep-Alive' }
12 verbose request invalidating /Users/ryousuke/.npm/registry.npmjs.org/-/user/org.couchdb.user_3An0bisuke on PUT
13 verbose adduser update existing user
14 verbose request uri https://registry.npmjs.org/-/user/org.couchdb.user:n0bisuke?write=true
15 verbose request sending authorization for write operation
16 info attempt registry request try #1 at 18:32:26
17 http request GET https://registry.npmjs.org/-/user/org.couchdb.user:n0bisuke?write=true
18 http 200 https://registry.npmjs.org/-/user/org.couchdb.user:n0bisuke?write=true
19 verbose adduser userobj { _id: 'org.couchdb.user:n0bisuke',
19 verbose adduser   name: 'n0bisuke',
19 verbose adduser   password: 'XXXXX',
19 verbose adduser   email: 'rsksound@gmail.com',
19 verbose adduser   type: 'user',
19 verbose adduser   roles: [],
19 verbose adduser   date: '2014-12-25T09:32:26.091Z' }
20 verbose request uri https://registry.npmjs.org/-/user/org.couchdb.user:n0bisuke/-rev/4-82afd483aba1223b7f22fa0c6f4237d2
21 verbose request updating existing user; sending authorization
22 info attempt registry request try #1 at 18:32:26
23 http request PUT https://registry.npmjs.org/-/user/org.couchdb.user:n0bisuke/-rev/4-82afd483aba1223b7f22fa0c6f4237d2
24 http 403 https://registry.npmjs.org/-/user/org.couchdb.user:n0bisuke/-rev/4-82afd483aba1223b7f22fa0c6f4237d2
25 verbose headers { date: 'Wed, 24 Dec 2014 09:31:08 GMT',
25 verbose headers   server: 'CouchDB/1.5.0 (Erlang OTP/R16B03)',
25 verbose headers   'content-type': 'application/json',
25 verbose headers   'cache-control': 'max-age=60',
25 verbose headers   'content-length': '203',
25 verbose headers   'accept-ranges': 'bytes',
25 verbose headers   via: '1.1 varnish',
25 verbose headers   'x-served-by': 'cache-ty67-TYO',
25 verbose headers   'x-cache': 'MISS',
25 verbose headers   'x-cache-hits': '0',
25 verbose headers   'x-timer': 'S1419413468.062965,VS0,VE119',
25 verbose headers   'keep-alive': 'timeout=10, max=50',
25 verbose headers   connection: 'Keep-Alive' }
26 verbose request invalidating /Users/ryousuke/.npm/registry.npmjs.org/-/user/org.couchdb.user_3An0bisuke on PUT
27 verbose adduser back [ { [Error: forbidden may not mix password_sha and pbkdf2
27 verbose adduser   You may need to upgrade your version of npm:
27 verbose adduser     npm install npm -g
27 verbose adduser   Note that this may need to be run as root/admin (sudo, etc.)
27 verbose adduser
27 verbose adduser   : -/user/org.couchdb.user:n0bisuke/-rev/4-82afd483aba1223b7f22fa0c6f4237d2] statusCode: 403, code: 'E403' },
27 verbose adduser   { error: 'forbidden',
27 verbose adduser     reason: 'may not mix password_sha and pbkdf2\nYou may need to upgrade your version of npm:\n  npm install npm -g\nNote that this may need to be run as root/admin (sudo, etc.)\n\n' },
27 verbose adduser   '{"error":"forbidden","reason":"may not mix password_sha and pbkdf2\\nYou may need to upgrade your version of npm:\\n  npm install npm -g\\nNote that this may need to be run as root/admin (sudo, etc.)\\n\\n"}' ]
28 warn adduser Incorrect username or password
28 warn adduser You can reset your account by visiting:
28 warn adduser
28 warn adduser     https://npmjs.org/forgot
29 verbose stack Error: forbidden may not mix password_sha and pbkdf2
29 verbose stack You may need to upgrade your version of npm:
29 verbose stack   npm install npm -g
29 verbose stack Note that this may need to be run as root/admin (sudo, etc.)
29 verbose stack
29 verbose stack : -/user/org.couchdb.user:n0bisuke/-rev/4-82afd483aba1223b7f22fa0c6f4237d2
29 verbose stack     at CachingRegistryClient.<anonymous> (/Users/ryousuke/.nvm/v0.10.33/lib/node_modules/npm/node_modules/npm-registry-client/lib/request.js:234:14)
29 verbose stack     at Request._callback (/Users/ryousuke/.nvm/v0.10.33/lib/node_modules/npm/node_modules/npm-registry-client/lib/request.js:172:14)
29 verbose stack     at Request.self.callback (/Users/ryousuke/.nvm/v0.10.33/lib/node_modules/npm/node_modules/request/request.js:372:22)
29 verbose stack     at Request.emit (events.js:98:17)
29 verbose stack     at Request.<anonymous> (/Users/ryousuke/.nvm/v0.10.33/lib/node_modules/npm/node_modules/request/request.js:1310:14)
29 verbose stack     at Request.emit (events.js:117:20)
29 verbose stack     at IncomingMessage.<anonymous> (/Users/ryousuke/.nvm/v0.10.33/lib/node_modules/npm/node_modules/request/request.js:1258:12)
29 verbose stack     at IncomingMessage.emit (events.js:117:20)
29 verbose stack     at _stream_readable.js:943:16
29 verbose stack     at process._tickCallback (node.js:419:13)
30 verbose statusCode 403
31 verbose cwd /Users/ryousuke/Sites/lig/milkcocoa-cli
32 error Darwin 13.4.0
33 error argv "node" "/Users/ryousuke/.nvm/v0.10.33/bin/npm" "adduser"
34 error node v0.10.33
35 error npm  v2.1.8
36 error code E403
37 error forbidden may not mix password_sha and pbkdf2
37 error You may need to upgrade your version of npm:
37 error   npm install npm -g
37 error Note that this may need to be run as root/admin (sudo, etc.)
37 error
37 error : -/user/org.couchdb.user:n0bisuke/-rev/4-82afd483aba1223b7f22fa0c6f4237d2
38 error If you need help, you may report this error at:
38 error     <http://github.com/npm/npm/issues>
39 verbose exit [ 1, true ]
